Determining if the pthread_create exist failed with the following output:
Change Dir: /home/oyl/catkin_ws/src/virtual_arm/virtual_arm_gazebo/plugins/build/CMakeFiles/CMakeTmp

Run Build Command:"/usr/bin/make" "cmTC_f2016/fast"
/usr/bin/make -f CMakeFiles/cmTC_f2016.dir/build.make CMakeFiles/cmTC_f2016.dir/build
make[1]: 进入目录“/home/oyl/catkin_ws/src/virtual_arm/virtual_arm_gazebo/plugins/build/CMakeFiles/CMakeTmp”
Building C object CMakeFiles/cmTC_f2016.dir/CheckSymbolExists.c.o
/usr/bin/cc    -o CMakeFiles/cmTC_f2016.dir/CheckSymbolExists.c.o   -c /home/oyl/catkin_ws/src/virtual_arm/virtual_arm_gazebo/plugins/build/CMakeFiles/CMakeTmp/CheckSymbolExists.c
Linking C executable cmTC_f2016
/usr/bin/cmake -E cmake_link_script CMakeFiles/cmTC_f2016.dir/link.txt --verbose=1
/usr/bin/cc      -rdynamic CMakeFiles/cmTC_f2016.dir/CheckSymbolExists.c.o  -o cmTC_f2016 
CMakeFiles/cmTC_f2016.dir/CheckSymbolExists.c.o：在函数‘main’中：
CheckSymbolExists.c:(.text+0x1b)：对‘pthread_create’未定义的引用
collect2: error: ld returned 1 exit status
CMakeFiles/cmTC_f2016.dir/build.make:97: recipe for target 'cmTC_f2016' failed
make[1]: *** [cmTC_f2016] Error 1
make[1]: 离开目录“/home/oyl/catkin_ws/src/virtual_arm/virtual_arm_gazebo/plugins/build/CMakeFiles/CMakeTmp”
Makefile:126: recipe for target 'cmTC_f2016/fast' failed
make: *** [cmTC_f2016/fast] Error 2

File /home/oyl/catkin_ws/src/virtual_arm/virtual_arm_gazebo/plugins/build/CMakeFiles/CMakeTmp/CheckSymbolExists.c:
/* */
#include <pthread.h>

int main(int argc, char** argv)
{
  (void)argv;
#ifndef pthread_create
  return ((int*)(&pthread_create))[argc];
#else
  (void)argc;
  return 0;
#endif
}

Determining if the function pthread_create exists in the pthreads failed with the following output:
Change Dir: /home/oyl/catkin_ws/src/virtual_arm/virtual_arm_gazebo/plugins/build/CMakeFiles/CMakeTmp

Run Build Command:"/usr/bin/make" "cmTC_e5272/fast"
/usr/bin/make -f CMakeFiles/cmTC_e5272.dir/build.make CMakeFiles/cmTC_e5272.dir/build
make[1]: 进入目录“/home/oyl/catkin_ws/src/virtual_arm/virtual_arm_gazebo/plugins/build/CMakeFiles/CMakeTmp”
Building C object CMakeFiles/cmTC_e5272.dir/CheckFunctionExists.c.o
/usr/bin/cc   -DCHECK_FUNCTION_EXISTS=pthread_create   -o CMakeFiles/cmTC_e5272.dir/CheckFunctionExists.c.o   -c /usr/share/cmake-3.10/Modules/CheckFunctionExists.c
Linking C executable cmTC_e5272
/usr/bin/cmake -E cmake_link_script CMakeFiles/cmTC_e5272.dir/link.txt --verbose=1
/usr/bin/cc  -DCHECK_FUNCTION_EXISTS=pthread_create    -rdynamic CMakeFiles/cmTC_e5272.dir/CheckFunctionExists.c.o  -o cmTC_e5272 -lpthreads 
/usr/bin/ld: 找不到 -lpthreads
collect2: error: ld returned 1 exit status
CMakeFiles/cmTC_e5272.dir/build.make:97: recipe for target 'cmTC_e5272' failed
make[1]: *** [cmTC_e5272] Error 1
make[1]: 离开目录“/home/oyl/catkin_ws/src/virtual_arm/virtual_arm_gazebo/plugins/build/CMakeFiles/CMakeTmp”
Makefile:126: recipe for target 'cmTC_e5272/fast' failed
make: *** [cmTC_e5272/fast] Error 2


